<?xml version="1.0" encoding="UTF-8"?>
<!-- Generated by org.testng.reporters.JUnitXMLReporter -->
<testsuite ignored="0" hostname="DELL-LAPTOP" failures="0" tests="5" name="Default test" time="13.182" errors="0" timestamp="2023-12-08T21:01:22 EET">
  <testcase classname="LoginPageTestCases" name="invalid_username_invalid_password" time="0.222"/>
  <testcase classname="LoginPageTestCases" name="invalid_username_valid_password" time="0.217"/>
  <testcase classname="LoginPageTestCases" name="valid_username_invalid_password" time="0.209"/>
  <testcase classname="LoginPageTestCases" name="empty_username_empty_password" time="0.163"/>
  <testcase classname="LoginPageTestCases" name="valid_username_valid_password" time="3.384"/>
</testsuite> <!-- Default test -->
